100
FLOPS: 0 Giga FLOPS
Running for size: 100 degree: 10
FLOPS: 0 Giga FLOPS
Running for size: 100 degree: 20
FLOPS: 0 Giga FLOPS
Running for size: 100 degree: 30
FLOPS: 0 Giga FLOPS
Running for size: 100 degree: 40
FLOPS: 0 Giga FLOPS
Running for size: 100 degree: 50
FLOPS: 0 Giga FLOPS
Running for size: 100 degree: 60
FLOPS: 0 Giga FLOPS
Running for size: 100 degree: 70
FLOPS: 0 Giga FLOPS
Running for size: 100 degree: 80
FLOPS: 0 Giga FLOPS
Running for size: 100 degree: 90
FLOPS: 0 Giga FLOPS
Running for size: 100 degree: 100
FLOPS: 0 Giga FLOPS
200
FLOPS: 0 Giga FLOPS
Running for size: 200 degree: 10
FLOPS: 0 Giga FLOPS
Running for size: 200 degree: 20
FLOPS: 0 Giga FLOPS
Running for size: 200 degree: 30
FLOPS: 0 Giga FLOPS
Running for size: 200 degree: 40
FLOPS: 0 Giga FLOPS
Running for size: 200 degree: 50
FLOPS: 0 Giga FLOPS
Running for size: 200 degree: 60
FLOPS: 0 Giga FLOPS
Running for size: 200 degree: 70
FLOPS: 0 Giga FLOPS
Running for size: 200 degree: 80
FLOPS: 0 Giga FLOPS
Running for size: 200 degree: 90
FLOPS: 0 Giga FLOPS
Running for size: 200 degree: 100
FLOPS: 0 Giga FLOPS
300
FLOPS: 0 Giga FLOPS
Running for size: 300 degree: 10
FLOPS: 0 Giga FLOPS
Running for size: 300 degree: 20
FLOPS: 0 Giga FLOPS
Running for size: 300 degree: 30
FLOPS: 0 Giga FLOPS
Running for size: 300 degree: 40
FLOPS: 0 Giga FLOPS
Running for size: 300 degree: 50
FLOPS: 0 Giga FLOPS
Running for size: 300 degree: 60
FLOPS: 0 Giga FLOPS
Running for size: 300 degree: 70
FLOPS: 0 Giga FLOPS
Running for size: 300 degree: 80
FLOPS: 0 Giga FLOPS
Running for size: 300 degree: 90
FLOPS: 0 Giga FLOPS
Running for size: 300 degree: 100
FLOPS: 0 Giga FLOPS
400
FLOPS: 0 Giga FLOPS
Running for size: 400 degree: 10
FLOPS: 0 Giga FLOPS
Running for size: 400 degree: 20
FLOPS: 0 Giga FLOPS
Running for size: 400 degree: 30
FLOPS: 0 Giga FLOPS
Running for size: 400 degree: 40
FLOPS: 0 Giga FLOPS
Running for size: 400 degree: 50
FLOPS: 0 Giga FLOPS
Running for size: 400 degree: 60
FLOPS: 0 Giga FLOPS
Running for size: 400 degree: 70
FLOPS: 0 Giga FLOPS
Running for size: 400 degree: 80
FLOPS: 0 Giga FLOPS
Running for size: 400 degree: 90
FLOPS: 0 Giga FLOPS
Running for size: 400 degree: 100
FLOPS: 0 Giga FLOPS
500
FLOPS: 0 Giga FLOPS
Running for size: 500 degree: 10
FLOPS: 0 Giga FLOPS
Running for size: 500 degree: 20
FLOPS: 0 Giga FLOPS
Running for size: 500 degree: 30
FLOPS: 0 Giga FLOPS
Running for size: 500 degree: 40
FLOPS: 0 Giga FLOPS
Running for size: 500 degree: 50
FLOPS: 0 Giga FLOPS
Running for size: 500 degree: 60
FLOPS: 0 Giga FLOPS
Running for size: 500 degree: 70
FLOPS: 0 Giga FLOPS
Running for size: 500 degree: 80
FLOPS: 0 Giga FLOPS
Running for size: 500 degree: 90
FLOPS: 0 Giga FLOPS
Running for size: 500 degree: 100
FLOPS: 0 Giga FLOPS
600
FLOPS: 0 Giga FLOPS
Running for size: 600 degree: 10
FLOPS: 0 Giga FLOPS
Running for size: 600 degree: 20
FLOPS: 0 Giga FLOPS
Running for size: 600 degree: 30
FLOPS: 0 Giga FLOPS
Running for size: 600 degree: 40
FLOPS: 0 Giga FLOPS
Running for size: 600 degree: 50
FLOPS: 0 Giga FLOPS
Running for size: 600 degree: 60
FLOPS: 0 Giga FLOPS
Running for size: 600 degree: 70
FLOPS: 0 Giga FLOPS
Running for size: 600 degree: 80
FLOPS: 0 Giga FLOPS
Running for size: 600 degree: 90
FLOPS: 0 Giga FLOPS
Running for size: 600 degree: 100
FLOPS: 0 Giga FLOPS
700
FLOPS: 0 Giga FLOPS
Running for size: 700 degree: 10
FLOPS: 0 Giga FLOPS
Running for size: 700 degree: 20
FLOPS: 0 Giga FLOPS
Running for size: 700 degree: 30
FLOPS: 0 Giga FLOPS
Running for size: 700 degree: 40
FLOPS: 0 Giga FLOPS
Running for size: 700 degree: 50
FLOPS: 0 Giga FLOPS
Running for size: 700 degree: 60
FLOPS: 0 Giga FLOPS
Running for size: 700 degree: 70
FLOPS: 0 Giga FLOPS
Running for size: 700 degree: 80
FLOPS: 0 Giga FLOPS
Running for size: 700 degree: 90
FLOPS: 0 Giga FLOPS
Running for size: 700 degree: 100
FLOPS: 0 Giga FLOPS
800
FLOPS: 0 Giga FLOPS
Running for size: 800 degree: 10
FLOPS: 0 Giga FLOPS
Running for size: 800 degree: 20
FLOPS: 0 Giga FLOPS
Running for size: 800 degree: 30
FLOPS: 0 Giga FLOPS
Running for size: 800 degree: 40
FLOPS: 0 Giga FLOPS
Running for size: 800 degree: 50
FLOPS: 0 Giga FLOPS
Running for size: 800 degree: 60
FLOPS: 0 Giga FLOPS
Running for size: 800 degree: 70
FLOPS: 0 Giga FLOPS
Running for size: 800 degree: 80
FLOPS: 0 Giga FLOPS
Running for size: 800 degree: 90
FLOPS: 0 Giga FLOPS
Running for size: 800 degree: 100
FLOPS: 0 Giga FLOPS
900
FLOPS: 0 Giga FLOPS
Running for size: 900 degree: 10
FLOPS: 0 Giga FLOPS
Running for size: 900 degree: 20
FLOPS: 0 Giga FLOPS
Running for size: 900 degree: 30
FLOPS: 0 Giga FLOPS
Running for size: 900 degree: 40
FLOPS: 0 Giga FLOPS
Running for size: 900 degree: 50
FLOPS: 0 Giga FLOPS
Running for size: 900 degree: 60
FLOPS: 0 Giga FLOPS
Running for size: 900 degree: 70
FLOPS: 0 Giga FLOPS
Running for size: 900 degree: 80
FLOPS: 0 Giga FLOPS
Running for size: 900 degree: 90
FLOPS: 0 Giga FLOPS
Running for size: 900 degree: 100
FLOPS: 0 Giga FLOPS
1000
FLOPS: 0 Giga FLOPS
Running for size: 1000 degree: 10
FLOPS: 0 Giga FLOPS
Running for size: 1000 degree: 20
FLOPS: 0 Giga FLOPS
Running for size: 1000 degree: 30
FLOPS: 0 Giga FLOPS
Running for size: 1000 degree: 40
FLOPS: 0 Giga FLOPS
Running for size: 1000 degree: 50
FLOPS: 0 Giga FLOPS
Running for size: 1000 degree: 60
FLOPS: 0 Giga FLOPS
Running for size: 1000 degree: 70
FLOPS: 0 Giga FLOPS
Running for size: 1000 degree: 80
FLOPS: 0 Giga FLOPS
Running for size: 1000 degree: 90
FLOPS: 0 Giga FLOPS
Running for size: 1000 degree: 100
FLOPS: 0 Giga FLOPS
2000
FLOPS: 0 Giga FLOPS
Running for size: 2000 degree: 10
FLOPS: 0 Giga FLOPS
Running for size: 2000 degree: 20
FLOPS: 0 Giga FLOPS
Running for size: 2000 degree: 30
FLOPS: 0 Giga FLOPS
Running for size: 2000 degree: 40
FLOPS: 0 Giga FLOPS
Running for size: 2000 degree: 50
FLOPS: 0 Giga FLOPS
Running for size: 2000 degree: 60
FLOPS: 0 Giga FLOPS
Running for size: 2000 degree: 70
FLOPS: 0 Giga FLOPS
Running for size: 2000 degree: 80
FLOPS: 0 Giga FLOPS
Running for size: 2000 degree: 90
FLOPS: 0 Giga FLOPS
Running for size: 2000 degree: 100
FLOPS: 0 Giga FLOPS
3000
FLOPS: 0 Giga FLOPS
Running for size: 3000 degree: 10
FLOPS: 0 Giga FLOPS
Running for size: 3000 degree: 20
FLOPS: 0 Giga FLOPS
Running for size: 3000 degree: 30
FLOPS: 0 Giga FLOPS
Running for size: 3000 degree: 40
FLOPS: 0 Giga FLOPS
Running for size: 3000 degree: 50
FLOPS: 0 Giga FLOPS
Running for size: 3000 degree: 60
FLOPS: 0 Giga FLOPS
Running for size: 3000 degree: 70
FLOPS: 0 Giga FLOPS
Running for size: 3000 degree: 80
FLOPS: 0 Giga FLOPS
Running for size: 3000 degree: 90
FLOPS: 0 Giga FLOPS
Running for size: 3000 degree: 100
FLOPS: 0 Giga FLOPS
4000
FLOPS: 0 Giga FLOPS
Running for size: 4000 degree: 10
FLOPS: 0 Giga FLOPS
Running for size: 4000 degree: 20
FLOPS: 0 Giga FLOPS
Running for size: 4000 degree: 30
FLOPS: 0 Giga FLOPS
Running for size: 4000 degree: 40
FLOPS: 0 Giga FLOPS
Running for size: 4000 degree: 50
FLOPS: 0 Giga FLOPS
Running for size: 4000 degree: 60
FLOPS: 0 Giga FLOPS
Running for size: 4000 degree: 70
FLOPS: 0 Giga FLOPS
Running for size: 4000 degree: 80
FLOPS: 0 Giga FLOPS
Running for size: 4000 degree: 90
FLOPS: 0 Giga FLOPS
Running for size: 4000 degree: 100
FLOPS: 0 Giga FLOPS
5000
FLOPS: 0 Giga FLOPS
Running for size: 5000 degree: 10
FLOPS: 0 Giga FLOPS
Running for size: 5000 degree: 20
FLOPS: 0 Giga FLOPS
Running for size: 5000 degree: 30
FLOPS: 0 Giga FLOPS
Running for size: 5000 degree: 40
FLOPS: 0 Giga FLOPS
Running for size: 5000 degree: 50
FLOPS: 0 Giga FLOPS
Running for size: 5000 degree: 60
FLOPS: 0 Giga FLOPS
Running for size: 5000 degree: 70
FLOPS: 0 Giga FLOPS
Running for size: 5000 degree: 80
FLOPS: 0 Giga FLOPS
Running for size: 5000 degree: 90
FLOPS: 0 Giga FLOPS
Running for size: 5000 degree: 100
FLOPS: 0 Giga FLOPS
6000
FLOPS: 0 Giga FLOPS
Running for size: 6000 degree: 10
FLOPS: 0 Giga FLOPS
Running for size: 6000 degree: 20
FLOPS: 0 Giga FLOPS
Running for size: 6000 degree: 30
FLOPS: 0 Giga FLOPS
Running for size: 6000 degree: 40
FLOPS: 0 Giga FLOPS
Running for size: 6000 degree: 50
FLOPS: 0 Giga FLOPS
Running for size: 6000 degree: 60
FLOPS: 0 Giga FLOPS
Running for size: 6000 degree: 70
FLOPS: 0 Giga FLOPS
Running for size: 6000 degree: 80
FLOPS: 0 Giga FLOPS
Running for size: 6000 degree: 90
FLOPS: 0 Giga FLOPS
Running for size: 6000 degree: 100
FLOPS: 0 Giga FLOPS
7000
FLOPS: 0 Giga FLOPS
Running for size: 7000 degree: 10
FLOPS: 0 Giga FLOPS
Running for size: 7000 degree: 20
FLOPS: 0 Giga FLOPS
Running for size: 7000 degree: 30
FLOPS: 0 Giga FLOPS
Running for size: 7000 degree: 40
FLOPS: 0 Giga FLOPS
Running for size: 7000 degree: 50
FLOPS: 0 Giga FLOPS
Running for size: 7000 degree: 60
FLOPS: 0 Giga FLOPS
Running for size: 7000 degree: 70
FLOPS: 0 Giga FLOPS
Running for size: 7000 degree: 80
FLOPS: 0 Giga FLOPS
Running for size: 7000 degree: 90
FLOPS: 0 Giga FLOPS
Running for size: 7000 degree: 100
FLOPS: 0 Giga FLOPS
8000
FLOPS: 0 Giga FLOPS
Running for size: 8000 degree: 10
FLOPS: 0 Giga FLOPS
Running for size: 8000 degree: 20
FLOPS: 0 Giga FLOPS
Running for size: 8000 degree: 30
FLOPS: 0 Giga FLOPS
Running for size: 8000 degree: 40
FLOPS: 0 Giga FLOPS
Running for size: 8000 degree: 50
FLOPS: 0 Giga FLOPS
Running for size: 8000 degree: 60
FLOPS: 0 Giga FLOPS
Running for size: 8000 degree: 70
FLOPS: 0 Giga FLOPS
Running for size: 8000 degree: 80
FLOPS: 0 Giga FLOPS
Running for size: 8000 degree: 90
FLOPS: 0 Giga FLOPS
Running for size: 8000 degree: 100
FLOPS: 0 Giga FLOPS
9000
FLOPS: 0 Giga FLOPS
Running for size: 9000 degree: 10
FLOPS: 0 Giga FLOPS
Running for size: 9000 degree: 20
FLOPS: 0 Giga FLOPS
Running for size: 9000 degree: 30
FLOPS: 0 Giga FLOPS
Running for size: 9000 degree: 40
FLOPS: 0 Giga FLOPS
Running for size: 9000 degree: 50
FLOPS: 0 Giga FLOPS
Running for size: 9000 degree: 60
FLOPS: 0 Giga FLOPS
Running for size: 9000 degree: 70
FLOPS: 0 Giga FLOPS
Running for size: 9000 degree: 80
FLOPS: 0 Giga FLOPS
Running for size: 9000 degree: 90
FLOPS: 0 Giga FLOPS
Running for size: 9000 degree: 100
FLOPS: 0 Giga FLOPS
10000
FLOPS: 0 Giga FLOPS
Running for size: 10000 degree: 10
FLOPS: 0 Giga FLOPS
Running for size: 10000 degree: 20
FLOPS: 0 Giga FLOPS
Running for size: 10000 degree: 30
FLOPS: 0 Giga FLOPS
Running for size: 10000 degree: 40
FLOPS: 0 Giga FLOPS
Running for size: 10000 degree: 50
FLOPS: 0 Giga FLOPS
Running for size: 10000 degree: 60
FLOPS: 0 Giga FLOPS
Running for size: 10000 degree: 70
FLOPS: 0 Giga FLOPS
Running for size: 10000 degree: 80
FLOPS: 0 Giga FLOPS
Running for size: 10000 degree: 90
FLOPS: 0 Giga FLOPS
Running for size: 10000 degree: 100
FLOPS: 0 Giga FLOPS
20000
FLOPS: 0 Giga FLOPS
Running for size: 20000 degree: 10
FLOPS: 0 Giga FLOPS
Running for size: 20000 degree: 20
FLOPS: 0 Giga FLOPS
Running for size: 20000 degree: 30
FLOPS: 0 Giga FLOPS
Running for size: 20000 degree: 40
FLOPS: 0 Giga FLOPS
Running for size: 20000 degree: 50
FLOPS: 0 Giga FLOPS
Running for size: 20000 degree: 60
FLOPS: 0 Giga FLOPS
Running for size: 20000 degree: 70
FLOPS: 0 Giga FLOPS
Running for size: 20000 degree: 80
FLOPS: 0 Giga FLOPS
Running for size: 20000 degree: 90
FLOPS: 0 Giga FLOPS
Running for size: 20000 degree: 100
FLOPS: 0 Giga FLOPS
30000
FLOPS: 0 Giga FLOPS
Running for size: 30000 degree: 10
FLOPS: 0 Giga FLOPS
Running for size: 30000 degree: 20
FLOPS: 0 Giga FLOPS
Running for size: 30000 degree: 30
FLOPS: 0 Giga FLOPS
Running for size: 30000 degree: 40
FLOPS: 0 Giga FLOPS
Running for size: 30000 degree: 50
FLOPS: 0 Giga FLOPS
Running for size: 30000 degree: 60
FLOPS: 0 Giga FLOPS
Running for size: 30000 degree: 70
FLOPS: 0 Giga FLOPS
Running for size: 30000 degree: 80
FLOPS: 0 Giga FLOPS
Running for size: 30000 degree: 90
FLOPS: 0 Giga FLOPS
Running for size: 30000 degree: 100
FLOPS: 0 Giga FLOPS
40000
FLOPS: 0 Giga FLOPS
Running for size: 40000 degree: 10
FLOPS: 0 Giga FLOPS
Running for size: 40000 degree: 20
FLOPS: 0 Giga FLOPS
Running for size: 40000 degree: 30
FLOPS: 0 Giga FLOPS
Running for size: 40000 degree: 40
FLOPS: 0 Giga FLOPS
Running for size: 40000 degree: 50
FLOPS: 0 Giga FLOPS
Running for size: 40000 degree: 60
FLOPS: 0 Giga FLOPS
Running for size: 40000 degree: 70
FLOPS: 0 Giga FLOPS
Running for size: 40000 degree: 80
FLOPS: 0 Giga FLOPS
Running for size: 40000 degree: 90
FLOPS: 0 Giga FLOPS
Running for size: 40000 degree: 100
FLOPS: 0 Giga FLOPS
50000
FLOPS: 0 Giga FLOPS
Running for size: 50000 degree: 10
FLOPS: 0 Giga FLOPS
Running for size: 50000 degree: 20
FLOPS: 0 Giga FLOPS
Running for size: 50000 degree: 30
FLOPS: 0 Giga FLOPS
Running for size: 50000 degree: 40
FLOPS: 0 Giga FLOPS
Running for size: 50000 degree: 50
FLOPS: 0 Giga FLOPS
Running for size: 50000 degree: 60
FLOPS: 0 Giga FLOPS
Running for size: 50000 degree: 70
FLOPS: 0 Giga FLOPS
Running for size: 50000 degree: 80
FLOPS: 0 Giga FLOPS
Running for size: 50000 degree: 90
FLOPS: 0 Giga FLOPS
Running for size: 50000 degree: 100
FLOPS: 0 Giga FLOPS
60000
FLOPS: 0 Giga FLOPS
Running for size: 60000 degree: 10
FLOPS: 0 Giga FLOPS
Running for size: 60000 degree: 20
FLOPS: 0 Giga FLOPS
Running for size: 60000 degree: 30
FLOPS: 0 Giga FLOPS
Running for size: 60000 degree: 40
FLOPS: 0 Giga FLOPS
Running for size: 60000 degree: 50
FLOPS: 0 Giga FLOPS
Running for size: 60000 degree: 60
FLOPS: 0 Giga FLOPS
Running for size: 60000 degree: 70
FLOPS: 0 Giga FLOPS
Running for size: 60000 degree: 80
FLOPS: 0 Giga FLOPS
Running for size: 60000 degree: 90
FLOPS: 0 Giga FLOPS
Running for size: 60000 degree: 100
FLOPS: 0 Giga FLOPS
70000
FLOPS: 0 Giga FLOPS
Running for size: 70000 degree: 10
FLOPS: 0 Giga FLOPS
Running for size: 70000 degree: 20
FLOPS: 0 Giga FLOPS
Running for size: 70000 degree: 30
FLOPS: 0 Giga FLOPS
Running for size: 70000 degree: 40
FLOPS: 0 Giga FLOPS
Running for size: 70000 degree: 50
FLOPS: 0 Giga FLOPS
Running for size: 70000 degree: 60
FLOPS: 0 Giga FLOPS
Running for size: 70000 degree: 70
FLOPS: 0 Giga FLOPS
Running for size: 70000 degree: 80
FLOPS: 0 Giga FLOPS
Running for size: 70000 degree: 90
FLOPS: 0 Giga FLOPS
Running for size: 70000 degree: 100
FLOPS: 0 Giga FLOPS
80000
FLOPS: 0 Giga FLOPS
Running for size: 80000 degree: 10
FLOPS: 0 Giga FLOPS
Running for size: 80000 degree: 20
FLOPS: 0 Giga FLOPS
Running for size: 80000 degree: 30
FLOPS: 0 Giga FLOPS
Running for size: 80000 degree: 40
FLOPS: 0 Giga FLOPS
Running for size: 80000 degree: 50
FLOPS: 0 Giga FLOPS
Running for size: 80000 degree: 60
FLOPS: 0 Giga FLOPS
Running for size: 80000 degree: 70
FLOPS: 0 Giga FLOPS
Running for size: 80000 degree: 80
FLOPS: 0 Giga FLOPS
Running for size: 80000 degree: 90
FLOPS: 0 Giga FLOPS
Running for size: 80000 degree: 100
FLOPS: 0 Giga FLOPS
90000
FLOPS: 0 Giga FLOPS
Running for size: 90000 degree: 10
FLOPS: 0 Giga FLOPS
Running for size: 90000 degree: 20
FLOPS: 0 Giga FLOPS
Running for size: 90000 degree: 30
FLOPS: 0 Giga FLOPS
Running for size: 90000 degree: 40
FLOPS: 0 Giga FLOPS
Running for size: 90000 degree: 50
FLOPS: 0 Giga FLOPS
Running for size: 90000 degree: 60
FLOPS: 0 Giga FLOPS
Running for size: 90000 degree: 70
FLOPS: 0 Giga FLOPS
Running for size: 90000 degree: 80
FLOPS: 0 Giga FLOPS
Running for size: 90000 degree: 90
FLOPS: 0 Giga FLOPS
Running for size: 90000 degree: 100
FLOPS: 0 Giga FLOPS
100000
FLOPS: 0 Giga FLOPS
Running for size: 100000 degree: 10
FLOPS: 0 Giga FLOPS
Running for size: 100000 degree: 20
FLOPS: 0 Giga FLOPS
Running for size: 100000 degree: 30
FLOPS: 0 Giga FLOPS
Running for size: 100000 degree: 40
FLOPS: 0 Giga FLOPS
Running for size: 100000 degree: 50
FLOPS: 0 Giga FLOPS
Running for size: 100000 degree: 60
FLOPS: 0 Giga FLOPS
Running for size: 100000 degree: 70
FLOPS: 0 Giga FLOPS
Running for size: 100000 degree: 80
FLOPS: 0 Giga FLOPS
Running for size: 100000 degree: 90
FLOPS: 0 Giga FLOPS
Running for size: 100000 degree: 100
FLOPS: 0 Giga FLOPS
200000
FLOPS: 0 Giga FLOPS
Running for size: 200000 degree: 10
FLOPS: 0 Giga FLOPS
Running for size: 200000 degree: 20
FLOPS: 0 Giga FLOPS
Running for size: 200000 degree: 30
FLOPS: 0 Giga FLOPS
Running for size: 200000 degree: 40
FLOPS: 0 Giga FLOPS
Running for size: 200000 degree: 50
FLOPS: 0 Giga FLOPS
Running for size: 200000 degree: 60
FLOPS: 0 Giga FLOPS
Running for size: 200000 degree: 70
FLOPS: 0 Giga FLOPS
Running for size: 200000 degree: 80
FLOPS: 0 Giga FLOPS
Running for size: 200000 degree: 90
FLOPS: 0 Giga FLOPS
Running for size: 200000 degree: 100
FLOPS: 0 Giga FLOPS
300000
FLOPS: 0 Giga FLOPS
Running for size: 300000 degree: 10
FLOPS: 0 Giga FLOPS
Running for size: 300000 degree: 20
FLOPS: 0 Giga FLOPS
Running for size: 300000 degree: 30
FLOPS: 0 Giga FLOPS
Running for size: 300000 degree: 40
FLOPS: 0 Giga FLOPS
Running for size: 300000 degree: 50
FLOPS: 0 Giga FLOPS
Running for size: 300000 degree: 60
FLOPS: 0 Giga FLOPS
Running for size: 300000 degree: 70
FLOPS: 0 Giga FLOPS
Running for size: 300000 degree: 80
FLOPS: 0 Giga FLOPS
Running for size: 300000 degree: 90
FLOPS: 0 Giga FLOPS
Running for size: 300000 degree: 100
FLOPS: 0 Giga FLOPS
400000
FLOPS: 0 Giga FLOPS
Running for size: 400000 degree: 10
FLOPS: 0 Giga FLOPS
Running for size: 400000 degree: 20
FLOPS: 0 Giga FLOPS
Running for size: 400000 degree: 30
FLOPS: 0 Giga FLOPS
Running for size: 400000 degree: 40
FLOPS: 0 Giga FLOPS
Running for size: 400000 degree: 50
FLOPS: 0 Giga FLOPS
Running for size: 400000 degree: 60
FLOPS: 0 Giga FLOPS
Running for size: 400000 degree: 70
FLOPS: 0 Giga FLOPS
Running for size: 400000 degree: 80
FLOPS: 0 Giga FLOPS
Running for size: 400000 degree: 90
FLOPS: 0 Giga FLOPS
Running for size: 400000 degree: 100
FLOPS: 0 Giga FLOPS
500000
FLOPS: 0 Giga FLOPS
Running for size: 500000 degree: 10
FLOPS: 0 Giga FLOPS
Running for size: 500000 degree: 20
FLOPS: 0 Giga FLOPS
Running for size: 500000 degree: 30
FLOPS: 0 Giga FLOPS
Running for size: 500000 degree: 40
FLOPS: 0 Giga FLOPS
Running for size: 500000 degree: 50
FLOPS: 0 Giga FLOPS
Running for size: 500000 degree: 60
FLOPS: 0 Giga FLOPS
Running for size: 500000 degree: 70
FLOPS: 0 Giga FLOPS
Running for size: 500000 degree: 80
FLOPS: 0 Giga FLOPS
Running for size: 500000 degree: 90
FLOPS: 0 Giga FLOPS
Running for size: 500000 degree: 100
FLOPS: 0 Giga FLOPS
600000
FLOPS: 0 Giga FLOPS
Running for size: 600000 degree: 10
FLOPS: 0 Giga FLOPS
Running for size: 600000 degree: 20
FLOPS: 0 Giga FLOPS
Running for size: 600000 degree: 30
FLOPS: 0 Giga FLOPS
Running for size: 600000 degree: 40
FLOPS: 0 Giga FLOPS
Running for size: 600000 degree: 50
FLOPS: 0 Giga FLOPS
Running for size: 600000 degree: 60
FLOPS: 0 Giga FLOPS
Running for size: 600000 degree: 70
FLOPS: 0 Giga FLOPS
Running for size: 600000 degree: 80
FLOPS: 0 Giga FLOPS
Running for size: 600000 degree: 90
FLOPS: 0 Giga FLOPS
Running for size: 600000 degree: 100
FLOPS: 0 Giga FLOPS
700000
FLOPS: 0 Giga FLOPS
Running for size: 700000 degree: 10
FLOPS: 0 Giga FLOPS
Running for size: 700000 degree: 20
FLOPS: 0 Giga FLOPS
Running for size: 700000 degree: 30
FLOPS: 0 Giga FLOPS
Running for size: 700000 degree: 40
FLOPS: 0 Giga FLOPS
Running for size: 700000 degree: 50
FLOPS: 0 Giga FLOPS
Running for size: 700000 degree: 60
FLOPS: 0 Giga FLOPS
Running for size: 700000 degree: 70
FLOPS: 0 Giga FLOPS
Running for size: 700000 degree: 80
FLOPS: 0 Giga FLOPS
Running for size: 700000 degree: 90
FLOPS: 0 Giga FLOPS
Running for size: 700000 degree: 100
FLOPS: 0 Giga FLOPS
800000
FLOPS: 0 Giga FLOPS
Running for size: 800000 degree: 10
FLOPS: 0 Giga FLOPS
Running for size: 800000 degree: 20
FLOPS: 0 Giga FLOPS
Running for size: 800000 degree: 30
FLOPS: 0 Giga FLOPS
Running for size: 800000 degree: 40
FLOPS: 0 Giga FLOPS
Running for size: 800000 degree: 50
FLOPS: 0 Giga FLOPS
Running for size: 800000 degree: 60
FLOPS: 0 Giga FLOPS
Running for size: 800000 degree: 70
FLOPS: 0 Giga FLOPS
Running for size: 800000 degree: 80
FLOPS: 0 Giga FLOPS
Running for size: 800000 degree: 90
FLOPS: 0 Giga FLOPS
Running for size: 800000 degree: 100
FLOPS: 0 Giga FLOPS
900000
FLOPS: 0 Giga FLOPS
Running for size: 900000 degree: 10
FLOPS: 0 Giga FLOPS
Running for size: 900000 degree: 20
FLOPS: 0 Giga FLOPS
Running for size: 900000 degree: 30
FLOPS: 0 Giga FLOPS
Running for size: 900000 degree: 40
FLOPS: 0 Giga FLOPS
Running for size: 900000 degree: 50
FLOPS: 0 Giga FLOPS
Running for size: 900000 degree: 60
FLOPS: 0 Giga FLOPS
Running for size: 900000 degree: 70
FLOPS: 0 Giga FLOPS
Running for size: 900000 degree: 80
FLOPS: 0 Giga FLOPS
Running for size: 900000 degree: 90
FLOPS: 0 Giga FLOPS
Running for size: 900000 degree: 100
FLOPS: 0 Giga FLOPS
1000000
FLOPS: 0 Giga FLOPS
Running for size: 1000000 degree: 10
FLOPS: 0 Giga FLOPS
Running for size: 1000000 degree: 20
FLOPS: 0 Giga FLOPS
Running for size: 1000000 degree: 30
FLOPS: 0 Giga FLOPS
Running for size: 1000000 degree: 40
FLOPS: 0 Giga FLOPS
Running for size: 1000000 degree: 50
FLOPS: 0 Giga FLOPS
Running for size: 1000000 degree: 60
FLOPS: 0 Giga FLOPS
Running for size: 1000000 degree: 70
FLOPS: 0 Giga FLOPS
Running for size: 1000000 degree: 80
FLOPS: 0 Giga FLOPS
Running for size: 1000000 degree: 90
FLOPS: 0 Giga FLOPS
Running for size: 1000000 degree: 100
FLOPS: 0 Giga FLOPS
2000000
FLOPS: 0 Giga FLOPS
Running for size: 2000000 degree: 10
FLOPS: 0 Giga FLOPS
Running for size: 2000000 degree: 20
FLOPS: 0 Giga FLOPS
Running for size: 2000000 degree: 30
FLOPS: 0 Giga FLOPS
Running for size: 2000000 degree: 40
FLOPS: 0 Giga FLOPS
Running for size: 2000000 degree: 50
FLOPS: 0 Giga FLOPS
Running for size: 2000000 degree: 60
FLOPS: 0 Giga FLOPS
Running for size: 2000000 degree: 70
FLOPS: 0 Giga FLOPS
Running for size: 2000000 degree: 80
FLOPS: 0 Giga FLOPS
Running for size: 2000000 degree: 90
FLOPS: 0 Giga FLOPS
Running for size: 2000000 degree: 100
FLOPS: 0 Giga FLOPS
3000000
/var/spool/slurm/slurmd/job99367/slurm_script: line 22: 2897306 Segmentation fault      (core dumped) ./pipelined_polynomial $n 1 2>> results/flops.txt
Running for size: 3000000 degree: 10
/var/spool/slurm/slurmd/job99367/slurm_script: line 22: 2897328 Segmentation fault      (core dumped) ./pipelined_polynomial $n $deg 2>> results/flops.txt
Running for size: 3000000 degree: 20
/var/spool/slurm/slurmd/job99367/slurm_script: line 22: 2897349 Segmentation fault      (core dumped) ./pipelined_polynomial $n $deg 2>> results/flops.txt
Running for size: 3000000 degree: 30
/var/spool/slurm/slurmd/job99367/slurm_script: line 22: 2897369 Segmentation fault      (core dumped) ./pipelined_polynomial $n $deg 2>> results/flops.txt
Running for size: 3000000 degree: 40
/var/spool/slurm/slurmd/job99367/slurm_script: line 22: 2897392 Segmentation fault      (core dumped) ./pipelined_polynomial $n $deg 2>> results/flops.txt
Running for size: 3000000 degree: 50
/var/spool/slurm/slurmd/job99367/slurm_script: line 22: 2897413 Segmentation fault      (core dumped) ./pipelined_polynomial $n $deg 2>> results/flops.txt
Running for size: 3000000 degree: 60
/var/spool/slurm/slurmd/job99367/slurm_script: line 22: 2897433 Segmentation fault      (core dumped) ./pipelined_polynomial $n $deg 2>> results/flops.txt
Running for size: 3000000 degree: 70
/var/spool/slurm/slurmd/job99367/slurm_script: line 22: 2897455 Segmentation fault      (core dumped) ./pipelined_polynomial $n $deg 2>> results/flops.txt
Running for size: 3000000 degree: 80
/var/spool/slurm/slurmd/job99367/slurm_script: line 22: 2897477 Segmentation fault      (core dumped) ./pipelined_polynomial $n $deg 2>> results/flops.txt
Running for size: 3000000 degree: 90
/var/spool/slurm/slurmd/job99367/slurm_script: line 22: 2897499 Segmentation fault      (core dumped) ./pipelined_polynomial $n $deg 2>> results/flops.txt
Running for size: 3000000 degree: 100
/var/spool/slurm/slurmd/job99367/slurm_script: line 22: 2897519 Segmentation fault      (core dumped) ./pipelined_polynomial $n $deg 2>> results/flops.txt
4000000
FLOPS: 0 Giga FLOPS
Running for size: 4000000 degree: 10
FLOPS: 0 Giga FLOPS
Running for size: 4000000 degree: 20
FLOPS: 0 Giga FLOPS
Running for size: 4000000 degree: 30
FLOPS: 0 Giga FLOPS
Running for size: 4000000 degree: 40
FLOPS: 0 Giga FLOPS
Running for size: 4000000 degree: 50
FLOPS: 0 Giga FLOPS
Running for size: 4000000 degree: 60
FLOPS: 0 Giga FLOPS
Running for size: 4000000 degree: 70
FLOPS: 0 Giga FLOPS
Running for size: 4000000 degree: 80
FLOPS: 0 Giga FLOPS
Running for size: 4000000 degree: 90
FLOPS: 43.1967 Giga FLOPS
Running for size: 4000000 degree: 100
FLOPS: 41.7046 Giga FLOPS
5000000
/var/spool/slurm/slurmd/job99367/slurm_script: line 22: 2897682 Segmentation fault      (core dumped) ./pipelined_polynomial $n 1 2>> results/flops.txt
Running for size: 5000000 degree: 10
/var/spool/slurm/slurmd/job99367/slurm_script: line 22: 2897704 Segmentation fault      (core dumped) ./pipelined_polynomial $n $deg 2>> results/flops.txt
Running for size: 5000000 degree: 20
/var/spool/slurm/slurmd/job99367/slurm_script: line 22: 2897725 Segmentation fault      (core dumped) ./pipelined_polynomial $n $deg 2>> results/flops.txt
Running for size: 5000000 degree: 30
/var/spool/slurm/slurmd/job99367/slurm_script: line 22: 2897745 Segmentation fault      (core dumped) ./pipelined_polynomial $n $deg 2>> results/flops.txt
Running for size: 5000000 degree: 40
/var/spool/slurm/slurmd/job99367/slurm_script: line 22: 2897767 Segmentation fault      (core dumped) ./pipelined_polynomial $n $deg 2>> results/flops.txt
Running for size: 5000000 degree: 50
/var/spool/slurm/slurmd/job99367/slurm_script: line 22: 2897788 Segmentation fault      (core dumped) ./pipelined_polynomial $n $deg 2>> results/flops.txt
Running for size: 5000000 degree: 60
/var/spool/slurm/slurmd/job99367/slurm_script: line 22: 2897809 Segmentation fault      (core dumped) ./pipelined_polynomial $n $deg 2>> results/flops.txt
Running for size: 5000000 degree: 70
/var/spool/slurm/slurmd/job99367/slurm_script: line 22: 2897828 Segmentation fault      (core dumped) ./pipelined_polynomial $n $deg 2>> results/flops.txt
Running for size: 5000000 degree: 80
/var/spool/slurm/slurmd/job99367/slurm_script: line 22: 2897848 Segmentation fault      (core dumped) ./pipelined_polynomial $n $deg 2>> results/flops.txt
Running for size: 5000000 degree: 90
/var/spool/slurm/slurmd/job99367/slurm_script: line 22: 2897867 Segmentation fault      (core dumped) ./pipelined_polynomial $n $deg 2>> results/flops.txt
Running for size: 5000000 degree: 100
/var/spool/slurm/slurmd/job99367/slurm_script: line 22: 2897888 Segmentation fault      (core dumped) ./pipelined_polynomial $n $deg 2>> results/flops.txt
6000000
FLOPS: 0 Giga FLOPS
Running for size: 6000000 degree: 10
FLOPS: 0 Giga FLOPS
Running for size: 6000000 degree: 20
FLOPS: 0 Giga FLOPS
Running for size: 6000000 degree: 30
FLOPS: 0 Giga FLOPS
Running for size: 6000000 degree: 40
FLOPS: 0 Giga FLOPS
Running for size: 6000000 degree: 50
FLOPS: 0 Giga FLOPS
Running for size: 6000000 degree: 60
FLOPS: 31.1555 Giga FLOPS
Running for size: 6000000 degree: 70
FLOPS: 30.8524 Giga FLOPS
Running for size: 6000000 degree: 80
FLOPS: 30.2485 Giga FLOPS
Running for size: 6000000 degree: 90
FLOPS: 28.6225 Giga FLOPS
Running for size: 6000000 degree: 100
FLOPS: 28.0786 Giga FLOPS
7000000
/var/spool/slurm/slurmd/job99367/slurm_script: line 22: 2898045 Segmentation fault      (core dumped) ./pipelined_polynomial $n 1 2>> results/flops.txt
Running for size: 7000000 degree: 10
/var/spool/slurm/slurmd/job99367/slurm_script: line 22: 2898065 Segmentation fault      (core dumped) ./pipelined_polynomial $n $deg 2>> results/flops.txt
Running for size: 7000000 degree: 20
/var/spool/slurm/slurmd/job99367/slurm_script: line 22: 2898084 Segmentation fault      (core dumped) ./pipelined_polynomial $n $deg 2>> results/flops.txt
Running for size: 7000000 degree: 30
/var/spool/slurm/slurmd/job99367/slurm_script: line 22: 2898105 Segmentation fault      (core dumped) ./pipelined_polynomial $n $deg 2>> results/flops.txt
Running for size: 7000000 degree: 40
/var/spool/slurm/slurmd/job99367/slurm_script: line 22: 2898125 Segmentation fault      (core dumped) ./pipelined_polynomial $n $deg 2>> results/flops.txt
Running for size: 7000000 degree: 50
/var/spool/slurm/slurmd/job99367/slurm_script: line 22: 2898145 Segmentation fault      (core dumped) ./pipelined_polynomial $n $deg 2>> results/flops.txt
Running for size: 7000000 degree: 60
/var/spool/slurm/slurmd/job99367/slurm_script: line 22: 2898165 Segmentation fault      (core dumped) ./pipelined_polynomial $n $deg 2>> results/flops.txt
Running for size: 7000000 degree: 70
/var/spool/slurm/slurmd/job99367/slurm_script: line 22: 2898185 Segmentation fault      (core dumped) ./pipelined_polynomial $n $deg 2>> results/flops.txt
Running for size: 7000000 degree: 80
/var/spool/slurm/slurmd/job99367/slurm_script: line 22: 2898206 Segmentation fault      (core dumped) ./pipelined_polynomial $n $deg 2>> results/flops.txt
Running for size: 7000000 degree: 90
/var/spool/slurm/slurmd/job99367/slurm_script: line 22: 2898228 Segmentation fault      (core dumped) ./pipelined_polynomial $n $deg 2>> results/flops.txt
Running for size: 7000000 degree: 100
/var/spool/slurm/slurmd/job99367/slurm_script: line 22: 2898248 Segmentation fault      (core dumped) ./pipelined_polynomial $n $deg 2>> results/flops.txt
8000000
FLOPS: 0 Giga FLOPS
Running for size: 8000000 degree: 10
FLOPS: 0 Giga FLOPS
Running for size: 8000000 degree: 20
FLOPS: 0 Giga FLOPS
Running for size: 8000000 degree: 30
FLOPS: 0 Giga FLOPS
Running for size: 8000000 degree: 40
FLOPS: 0 Giga FLOPS
Running for size: 8000000 degree: 50
FLOPS: 24.8005 Giga FLOPS
Running for size: 8000000 degree: 60
FLOPS: 23.4937 Giga FLOPS
Running for size: 8000000 degree: 70
FLOPS: 22.8943 Giga FLOPS
Running for size: 8000000 degree: 80
FLOPS: 22.4139 Giga FLOPS
Running for size: 8000000 degree: 90
FLOPS: 43.7687 Giga FLOPS
Running for size: 8000000 degree: 100
FLOPS: 42.329 Giga FLOPS
9000000
/var/spool/slurm/slurmd/job99367/slurm_script: line 22: 2898403 Segmentation fault      (core dumped) ./pipelined_polynomial $n 1 2>> results/flops.txt
Running for size: 9000000 degree: 10
/var/spool/slurm/slurmd/job99367/slurm_script: line 22: 2898423 Segmentation fault      (core dumped) ./pipelined_polynomial $n $deg 2>> results/flops.txt
Running for size: 9000000 degree: 20
/var/spool/slurm/slurmd/job99367/slurm_script: line 22: 2898443 Segmentation fault      (core dumped) ./pipelined_polynomial $n $deg 2>> results/flops.txt
Running for size: 9000000 degree: 30
/var/spool/slurm/slurmd/job99367/slurm_script: line 22: 2898465 Segmentation fault      (core dumped) ./pipelined_polynomial $n $deg 2>> results/flops.txt
Running for size: 9000000 degree: 40
/var/spool/slurm/slurmd/job99367/slurm_script: line 22: 2898485 Segmentation fault      (core dumped) ./pipelined_polynomial $n $deg 2>> results/flops.txt
Running for size: 9000000 degree: 50
/var/spool/slurm/slurmd/job99367/slurm_script: line 22: 2898506 Segmentation fault      (core dumped) ./pipelined_polynomial $n $deg 2>> results/flops.txt
Running for size: 9000000 degree: 60
/var/spool/slurm/slurmd/job99367/slurm_script: line 22: 2898527 Segmentation fault      (core dumped) ./pipelined_polynomial $n $deg 2>> results/flops.txt
Running for size: 9000000 degree: 70
/var/spool/slurm/slurmd/job99367/slurm_script: line 22: 2898547 Segmentation fault      (core dumped) ./pipelined_polynomial $n $deg 2>> results/flops.txt
Running for size: 9000000 degree: 80
/var/spool/slurm/slurmd/job99367/slurm_script: line 22: 2898567 Segmentation fault      (core dumped) ./pipelined_polynomial $n $deg 2>> results/flops.txt
Running for size: 9000000 degree: 90
/var/spool/slurm/slurmd/job99367/slurm_script: line 22: 2898587 Segmentation fault      (core dumped) ./pipelined_polynomial $n $deg 2>> results/flops.txt
Running for size: 9000000 degree: 100
/var/spool/slurm/slurmd/job99367/slurm_script: line 22: 2898607 Segmentation fault      (core dumped) ./pipelined_polynomial $n $deg 2>> results/flops.txt
10000000
FLOPS: 0 Giga FLOPS
Running for size: 10000000 degree: 10
FLOPS: 0 Giga FLOPS
Running for size: 10000000 degree: 20
FLOPS: 0 Giga FLOPS
Running for size: 10000000 degree: 30
FLOPS: 0 Giga FLOPS
Running for size: 10000000 degree: 40
FLOPS: 20.8303 Giga FLOPS
Running for size: 10000000 degree: 50
FLOPS: 19.9992 Giga FLOPS
Running for size: 10000000 degree: 60
FLOPS: 18.9377 Giga FLOPS
Running for size: 10000000 degree: 70
FLOPS: 36.9217 Giga FLOPS
Running for size: 10000000 degree: 80
FLOPS: 36.1311 Giga FLOPS
Running for size: 10000000 degree: 90
FLOPS: 34.8016 Giga FLOPS
Running for size: 10000000 degree: 100
FLOPS: 50.5395 Giga FLOPS
20000000
FLOPS: 0 Giga FLOPS
Running for size: 20000000 degree: 10
FLOPS: 0 Giga FLOPS
Running for size: 20000000 degree: 20
FLOPS: 12.1214 Giga FLOPS
Running for size: 20000000 degree: 30
FLOPS: 10.6289 Giga FLOPS
Running for size: 20000000 degree: 40
FLOPS: 20.9455 Giga FLOPS
Running for size: 20000000 degree: 50
FLOPS: 30.1602 Giga FLOPS
Running for size: 20000000 degree: 60
FLOPS: 28.611 Giga FLOPS
Running for size: 20000000 degree: 70
FLOPS: 37.1645 Giga FLOPS
Running for size: 20000000 degree: 80
FLOPS: 36.197 Giga FLOPS
Running for size: 20000000 degree: 90
FLOPS: 43.674 Giga FLOPS
Running for size: 20000000 degree: 100
FLOPS: 50.6686 Giga FLOPS
30000000
FLOPS: 0 Giga FLOPS
Running for size: 30000000 degree: 10
FLOPS: 0 Giga FLOPS
Running for size: 30000000 degree: 20
FLOPS: 8.10693 Giga FLOPS
Running for size: 30000000 degree: 30
FLOPS: 14.1869 Giga FLOPS
Running for size: 30000000 degree: 40
FLOPS: 21.0141 Giga FLOPS
Running for size: 30000000 degree: 50
FLOPS: 26.8994 Giga FLOPS
Running for size: 30000000 degree: 60
FLOPS: 31.8574 Giga FLOPS
Running for size: 30000000 degree: 70
FLOPS: 37.2041 Giga FLOPS
Running for size: 30000000 degree: 80
FLOPS: 42.4122 Giga FLOPS
Running for size: 30000000 degree: 90
FLOPS: 46.8713 Giga FLOPS
Running for size: 30000000 degree: 100
FLOPS: 51.0743 Giga FLOPS
40000000
FLOPS: 0 Giga FLOPS
Running for size: 40000000 degree: 10
FLOPS: 7.59877 Giga FLOPS
Running for size: 40000000 degree: 20
FLOPS: 13.1843 Giga FLOPS
Running for size: 40000000 degree: 30
FLOPS: 17.4527 Giga FLOPS
Running for size: 40000000 degree: 40
FLOPS: 22.9245 Giga FLOPS
Running for size: 40000000 degree: 50
FLOPS: 33.1922 Giga FLOPS
Running for size: 40000000 degree: 60
FLOPS: 36.8513 Giga FLOPS
Running for size: 40000000 degree: 70
FLOPS: 40.9597 Giga FLOPS
Running for size: 40000000 degree: 80
FLOPS: 44.9448 Giga FLOPS
Running for size: 40000000 degree: 90
FLOPS: 48.4642 Giga FLOPS
Running for size: 40000000 degree: 100
FLOPS: 56.934 Giga FLOPS
50000000
FLOPS: 0 Giga FLOPS
Running for size: 50000000 degree: 10
FLOPS: 6.14553 Giga FLOPS
Running for size: 50000000 degree: 20
FLOPS: 15.9558 Giga FLOPS
Running for size: 50000000 degree: 30
FLOPS: 18.9609 Giga FLOPS
Running for size: 50000000 degree: 40
FLOPS: 27.8509 Giga FLOPS
Running for size: 50000000 degree: 50
FLOPS: 31.2368 Giga FLOPS
Running for size: 50000000 degree: 60
FLOPS: 38.2483 Giga FLOPS
Running for size: 50000000 degree: 70
FLOPS: 42.765 Giga FLOPS
Running for size: 50000000 degree: 80
FLOPS: 50.5096 Giga FLOPS
Running for size: 50000000 degree: 90
FLOPS: 52.9533 Giga FLOPS
Running for size: 50000000 degree: 100
FLOPS: 60.0373 Giga FLOPS
60000000
FLOPS: 0 Giga FLOPS
Running for size: 60000000 degree: 10
FLOPS: 5.38998 Giga FLOPS
Running for size: 60000000 degree: 20
FLOPS: 14.2267 Giga FLOPS
Running for size: 60000000 degree: 30
FLOPS: 21.1322 Giga FLOPS
Running for size: 60000000 degree: 40
FLOPS: 29.3541 Giga FLOPS
Running for size: 60000000 degree: 50
FLOPS: 35.6555 Giga FLOPS
Running for size: 60000000 degree: 60
FLOPS: 36.7738 Giga FLOPS
Running for size: 60000000 degree: 70
FLOPS: 43.1545 Giga FLOPS
Running for size: 60000000 degree: 80
FLOPS: 48.6505 Giga FLOPS
Running for size: 60000000 degree: 90
FLOPS: 56.5651 Giga FLOPS
Running for size: 60000000 degree: 100
FLOPS: 63.2915 Giga FLOPS
70000000
FLOPS: 0 Giga FLOPS
Running for size: 70000000 degree: 10
FLOPS: 9.41013 Giga FLOPS
Running for size: 70000000 degree: 20
FLOPS: 16.802 Giga FLOPS
Running for size: 70000000 degree: 30
FLOPS: 22.3642 Giga FLOPS
Running for size: 70000000 degree: 40
FLOPS: 29.6598 Giga FLOPS
Running for size: 70000000 degree: 50
FLOPS: 35.7366 Giga FLOPS
Running for size: 70000000 degree: 60
FLOPS: 41.1675 Giga FLOPS
Running for size: 70000000 degree: 70
FLOPS: 47.115 Giga FLOPS
Running for size: 70000000 degree: 80
FLOPS: 56.1802 Giga FLOPS
Running for size: 70000000 degree: 90
FLOPS: 60.9493 Giga FLOPS
Running for size: 70000000 degree: 100
FLOPS: 65.3803 Giga FLOPS
80000000
FLOPS: 0 Giga FLOPS
Running for size: 80000000 degree: 10
FLOPS: 8.22993 Giga FLOPS
Running for size: 80000000 degree: 20
FLOPS: 18.2844 Giga FLOPS
Running for size: 80000000 degree: 30
FLOPS: 22.9983 Giga FLOPS
Running for size: 80000000 degree: 40
FLOPS: 28.9753 Giga FLOPS
Running for size: 80000000 degree: 50
FLOPS: 37.8131 Giga FLOPS
Running for size: 80000000 degree: 60
FLOPS: 41.9115 Giga FLOPS
Running for size: 80000000 degree: 70
FLOPS: 49.9728 Giga FLOPS
Running for size: 80000000 degree: 80
FLOPS: 55.047 Giga FLOPS
Running for size: 80000000 degree: 90
FLOPS: 58.7219 Giga FLOPS
Running for size: 80000000 degree: 100
FLOPS: 65.4493 Giga FLOPS
90000000
FLOPS: 0 Giga FLOPS
Running for size: 90000000 degree: 10
FLOPS: 7.96106 Giga FLOPS
Running for size: 90000000 degree: 20
FLOPS: 16.2237 Giga FLOPS
Running for size: 90000000 degree: 30
FLOPS: 25.3203 Giga FLOPS
Running for size: 90000000 degree: 40
FLOPS: 31.7293 Giga FLOPS
Running for size: 90000000 degree: 50
FLOPS: 39.1452 Giga FLOPS
Running for size: 90000000 degree: 60
FLOPS: 42.9163 Giga FLOPS
Running for size: 90000000 degree: 70
FLOPS: 49.4038 Giga FLOPS
Running for size: 90000000 degree: 80
FLOPS: 54.0632 Giga FLOPS
Running for size: 90000000 degree: 90
FLOPS: 59.9357 Giga FLOPS
Running for size: 90000000 degree: 100
FLOPS: 65.4027 Giga FLOPS
100000000
FLOPS: 0 Giga FLOPS
Running for size: 100000000 degree: 10
FLOPS: 9.87378 Giga FLOPS
Running for size: 100000000 degree: 20
FLOPS: 17.6257 Giga FLOPS
Running for size: 100000000 degree: 30
FLOPS: 23.7416 Giga FLOPS
Running for size: 100000000 degree: 40
FLOPS: 30.9653 Giga FLOPS
Running for size: 100000000 degree: 50
FLOPS: 37.8215 Giga FLOPS
Running for size: 100000000 degree: 60
FLOPS: 43.2957 Giga FLOPS
Running for size: 100000000 degree: 70
FLOPS: 52.827 Giga FLOPS
Running for size: 100000000 degree: 80
FLOPS: 55.7341 Giga FLOPS
Running for size: 100000000 degree: 90
FLOPS: 60.4386 Giga FLOPS
Running for size: 100000000 degree: 100
FLOPS: 65.5995 Giga FLOPS
200000000
FLOPS: 1.83882 Giga FLOPS
Running for size: 200000000 degree: 10
FLOPS: 9.88557 Giga FLOPS
Running for size: 200000000 degree: 20
FLOPS: 17.6565 Giga FLOPS
Running for size: 200000000 degree: 30
FLOPS: 23.6859 Giga FLOPS
Running for size: 200000000 degree: 40
FLOPS: 31.0655 Giga FLOPS
Running for size: 200000000 degree: 50
FLOPS: 37.8541 Giga FLOPS
Running for size: 200000000 degree: 60
FLOPS: 43.2553 Giga FLOPS
Running for size: 200000000 degree: 70
FLOPS: 49.4426 Giga FLOPS
Running for size: 200000000 degree: 80
FLOPS: 55.4947 Giga FLOPS
Running for size: 200000000 degree: 90
FLOPS: 60.3315 Giga FLOPS
Running for size: 200000000 degree: 100
FLOPS: 65.4381 Giga FLOPS
300000000
FLOPS: 1.22391 Giga FLOPS
Running for size: 300000000 degree: 10
FLOPS: 9.68048 Giga FLOPS
Running for size: 300000000 degree: 20
FLOPS: 16.2268 Giga FLOPS
Running for size: 300000000 degree: 30
FLOPS: 20.8583 Giga FLOPS
Running for size: 300000000 degree: 40
FLOPS: 27.0302 Giga FLOPS
Running for size: 300000000 degree: 50
FLOPS: 33.9598 Giga FLOPS
Running for size: 300000000 degree: 60
FLOPS: 40.6533 Giga FLOPS
Running for size: 300000000 degree: 70
FLOPS: 47.9783 Giga FLOPS
Running for size: 300000000 degree: 80
FLOPS: 55.1786 Giga FLOPS
Running for size: 300000000 degree: 90
FLOPS: 60.6657 Giga FLOPS
Running for size: 300000000 degree: 100
FLOPS: 65.6256 Giga FLOPS
400000000
FLOPS: 1.84216 Giga FLOPS
Running for size: 400000000 degree: 10
FLOPS: 10.697 Giga FLOPS
Running for size: 400000000 degree: 20
FLOPS: 18.421 Giga FLOPS
Running for size: 400000000 degree: 30
FLOPS: 24.3709 Giga FLOPS
Running for size: 400000000 degree: 40
FLOPS: 31.8715 Giga FLOPS
Running for size: 400000000 degree: 50
FLOPS: 38.5806 Giga FLOPS
Running for size: 400000000 degree: 60
FLOPS: 44.0505 Giga FLOPS
Running for size: 400000000 degree: 70
FLOPS: 50.2728 Giga FLOPS
Running for size: 400000000 degree: 80
FLOPS: 56.1538 Giga FLOPS
Running for size: 400000000 degree: 90
FLOPS: 61.2563 Giga FLOPS
Running for size: 400000000 degree: 100
FLOPS: 66.1631 Giga FLOPS
500000000
FLOPS: 2.20825 Giga FLOPS
Running for size: 500000000 degree: 10
FLOPS: 10.5706 Giga FLOPS
Running for size: 500000000 degree: 20
FLOPS: 16.862 Giga FLOPS
Running for size: 500000000 degree: 30
FLOPS: 21.2869 Giga FLOPS
Running for size: 500000000 degree: 40
FLOPS: 27.5416 Giga FLOPS
Running for size: 500000000 degree: 50
FLOPS: 34.4356 Giga FLOPS
Running for size: 500000000 degree: 60
FLOPS: 41.3156 Giga FLOPS
Running for size: 500000000 degree: 70
FLOPS: 48.8505 Giga FLOPS
Running for size: 500000000 degree: 80
FLOPS: 56.007 Giga FLOPS
Running for size: 500000000 degree: 90
FLOPS: 61.1408 Giga FLOPS
Running for size: 500000000 degree: 100
FLOPS: 66.0567 Giga FLOPS
600000000
FLOPS: 1.81 Giga FLOPS
Running for size: 600000000 degree: 10
FLOPS: 10.4634 Giga FLOPS
Running for size: 600000000 degree: 20
FLOPS: 17.9704 Giga FLOPS
Running for size: 600000000 degree: 30
FLOPS: 24.1221 Giga FLOPS
Running for size: 600000000 degree: 40
FLOPS: 31.6565 Giga FLOPS
Running for size: 600000000 degree: 50
FLOPS: 41.1771 Giga FLOPS
Running for size: 600000000 degree: 60
FLOPS: 43.7841 Giga FLOPS
Running for size: 600000000 degree: 70
FLOPS: 49.8883 Giga FLOPS
Running for size: 600000000 degree: 80
FLOPS: 59.7304 Giga FLOPS
Running for size: 600000000 degree: 90
FLOPS: 61.13 Giga FLOPS
Running for size: 600000000 degree: 100
FLOPS: 65.9618 Giga FLOPS
700000000
FLOPS: 2.069 Giga FLOPS
Running for size: 700000000 degree: 10
FLOPS: 9.53277 Giga FLOPS
Running for size: 700000000 degree: 20
FLOPS: 15.3411 Giga FLOPS
Running for size: 700000000 degree: 30
FLOPS: 21.2874 Giga FLOPS
Running for size: 700000000 degree: 40
FLOPS: 27.8382 Giga FLOPS
Running for size: 700000000 degree: 50
FLOPS: 34.8266 Giga FLOPS
Running for size: 700000000 degree: 60
FLOPS: 41.7086 Giga FLOPS
Running for size: 700000000 degree: 70
FLOPS: 49.0309 Giga FLOPS
Running for size: 700000000 degree: 80
FLOPS: 56.1696 Giga FLOPS
Running for size: 700000000 degree: 90
FLOPS: 61.3024 Giga FLOPS
Running for size: 700000000 degree: 100
FLOPS: 66.1532 Giga FLOPS
800000000
FLOPS: 1.82902 Giga FLOPS
Running for size: 800000000 degree: 10
FLOPS: 10.1803 Giga FLOPS
Running for size: 800000000 degree: 20
FLOPS: 15.4953 Giga FLOPS
Running for size: 800000000 degree: 30
FLOPS: 20.843 Giga FLOPS
Running for size: 800000000 degree: 40
FLOPS: 27.7485 Giga FLOPS
Running for size: 800000000 degree: 50
FLOPS: 34.6284 Giga FLOPS
Running for size: 800000000 degree: 60
FLOPS: 41.5434 Giga FLOPS
Running for size: 800000000 degree: 70
FLOPS: 48.951 Giga FLOPS
Running for size: 800000000 degree: 80
FLOPS: 56.0314 Giga FLOPS
Running for size: 800000000 degree: 90
FLOPS: 61.2793 Giga FLOPS
Running for size: 800000000 degree: 100
FLOPS: 66.1529 Giga FLOPS
900000000
FLOPS: 2.01531 Giga FLOPS
Running for size: 900000000 degree: 10
FLOPS: 9.23789 Giga FLOPS
Running for size: 900000000 degree: 20
FLOPS: 15.2118 Giga FLOPS
Running for size: 900000000 degree: 30
FLOPS: 20.7224 Giga FLOPS
Running for size: 900000000 degree: 40
FLOPS: 27.5894 Giga FLOPS
Running for size: 900000000 degree: 50
FLOPS: 34.8098 Giga FLOPS
Running for size: 900000000 degree: 60
FLOPS: 41.553 Giga FLOPS
Running for size: 900000000 degree: 70
FLOPS: 48.8235 Giga FLOPS
Running for size: 900000000 degree: 80
FLOPS: 55.8738 Giga FLOPS
Running for size: 900000000 degree: 90
FLOPS: 61.0204 Giga FLOPS
Running for size: 900000000 degree: 100
FLOPS: 65.6099 Giga FLOPS
1000000000
FLOPS: 2.12042 Giga FLOPS
Running for size: 1000000000 degree: 10
FLOPS: 9.50512 Giga FLOPS
Running for size: 1000000000 degree: 20
FLOPS: 15.6612 Giga FLOPS
Running for size: 1000000000 degree: 30
FLOPS: 20.959 Giga FLOPS
Running for size: 1000000000 degree: 40
FLOPS: 27.8222 Giga FLOPS
Running for size: 1000000000 degree: 50
FLOPS: 34.7978 Giga FLOPS
Running for size: 1000000000 degree: 60
FLOPS: 41.7723 Giga FLOPS
Running for size: 1000000000 degree: 70
FLOPS: 49.7121 Giga FLOPS
Running for size: 1000000000 degree: 80
FLOPS: 56.0474 Giga FLOPS
Running for size: 1000000000 degree: 90
FLOPS: 60.9834 Giga FLOPS
Running for size: 1000000000 degree: 100
FLOPS: 66.0439 Giga FLOPS
